#
# A fatal error has been detected by the Java Runtime Environment:
#
#  EXCEPTION_ACCESS_VIOLATION (0xc0000005) at pc=0x5cd61aff, pid=5544, tid=7652
#
# JRE version: 7.0_17-b02
# Java VM: Java HotSpot(TM) Client VM (23.7-b01 mixed mode windows-x86 )
# Problematic frame:
# V  [jvm.dll+0xc1aff]
#
# Failed to write core dump. Minidumps are not enabled by default on client versions of Windows
#
# If you would like to submit a bug report, please visit:
#   http://bugreport.sun.com/bugreport/crash.jsp
#

---------------  T H R E A D  ---------------

Current thread (0x18300000):  JavaThread "JDWP Transport Listener: dt_socket" daemon [_thread_in_vm, id=7652, stack(0x18a80000,0x18ad0000)]

siginfo: ExceptionCode=0xc0000005, reading address 0x0000014d

Registers:
EAX=0x000000bd, EBX=0x00000000, ECX=0x18415aa8, EDX=0x00000000
ESP=0x18acf83c, EBP=0x18acf840, ESI=0x184406d8, EDI=0x005c8398
EIP=0x5cd61aff, EFLAGS=0x00010213

Top of Stack: (sp=0x18acf83c)
0x18acf83c:   18300000 18acf86c 5ce85a2a 18415aa8
0x18acf84c:   18acf924 18acf8a7 18300000 00000000
0x18acf85c:   00000000 00000000 18300000 18300000
0x18acf86c:   18acf8a8 723e9d5c 005c8398 18415aa8
0x18acf87c:   18acf8a7 18415aa8 723d436d 18415aa8
0x18acf88c:   18acf8a7 00000001 00000000 00000000
0x18acf89c:   00000002 00000000 0030bee0 18acf8c8
0x18acf8ac:   723d44e0 00000001 18acf8e4 18acf920 

Instructions: (pc=0x5cd61aff)
0x5cd61adf:   cc 55 8b ec 8b 45 08 56 85 c0 74 28 8b 30 85 f6
0x5cd61aef:   74 22 81 fe fe fe fe fe 74 1a 8b 4e 04 8b 41 08
0x5cd61aff:   8b 90 90 00 00 00 83 c1 08 ff d2 84 c0 74 05 8b
0x5cd61b0f:   c6 5e 5d c3 33 c0 5e 5d c3 cc cc cc cc cc cc cc 


Register to memory mapping:

EAX=0x000000bd is an unknown value
EBX=0x00000000 is an unknown value
ECX=0x18415aa8 is an unknown value
EDX=0x00000000 is an unknown value
ESP=0x18acf83c is pointing into the stack for thread: 0x18300000
EBP=0x18acf840 is pointing into the stack for thread: 0x18300000
ESI=0x184406d8 is an unknown value
EDI=0x005c8398 is an unknown value


Stack: [0x18a80000,0x18ad0000],  sp=0x18acf83c,  free space=318k
Native frames: (J=compiled Java code, j=interpreted, Vv=VM code, C=native code)
V  [jvm.dll+0xc1aff]
V  [jvm.dll+0x1e5a2a]
C  [jdwp.dll+0x19d5c]  Agent_OnLoad+0xe9ef
C  [jdwp.dll+0x44e0]
C  [jdwp.dll+0x451e]


---------------  P R O C E S S  ---------------

Java Threads: ( => current thread )
  0x183bb800 JavaThread "ReaderThread" [_thread_in_native, id=5844, stack(0x18e20000,0x18e70000)]
  0x1832e400 JavaThread "Service Thread" daemon [_thread_blocked, id=3972, stack(0x18d00000,0x18d50000)]
  0x1831b400 JavaThread "C1 CompilerThread0" daemon [_thread_blocked, id=10372, stack(0x18c70000,0x18cc0000)]
  0x18312400 JavaThread "JDWP Command Reader" daemon [_thread_in_native, id=11076, stack(0x18be0000,0x18c30000)]
  0x18308400 JavaThread "JDWP Event Helper Thread" daemon [_thread_blocked, id=10724, stack(0x18b10000,0x18b60000)]
=>0x18300000 JavaThread "JDWP Transport Listener: dt_socket" daemon [_thread_in_vm, id=7652, stack(0x18a80000,0x18ad0000)]
  0x182f8c00 JavaThread "Attach Listener" daemon [_thread_blocked, id=10552, stack(0x18680000,0x186d0000)]
  0x182f6800 JavaThread "Signal Dispatcher" daemon [_thread_blocked, id=7224, stack(0x185f0000,0x18640000)]
  0x01ff7000 JavaThread "Finalizer" daemon [_thread_blocked, id=6436, stack(0x18560000,0x185b0000)]
  0x01ff2400 JavaThread "Reference Handler" daemon [_thread_blocked, id=3460, stack(0x184d0000,0x18520000)]
  0x005cb800 JavaThread "main" [_thread_blocked, id=4284, stack(0x00a30000,0x00a80000)]

Other Threads:
  0x01fe9c00 VMThread [stack: 0x18230000,0x18280000] [id=5872]
  0x18337000 WatcherThread [stack: 0x18d90000,0x18de0000] [id=10420]

VM state:not at safepoint (normal execution)

VM Mutex/Monitor currently owned by a thread: None

Heap
 def new generation   total 4928K, used 3346K [0x040e0000, 0x04630000, 0x09630000)
  eden space 4416K,  75% used [0x040e0000, 0x044249e8, 0x04530000)
  from space 512K,   0% used [0x04530000, 0x04530000, 0x045b0000)
  to   space 512K,   0% used [0x045b0000, 0x045b0000, 0x04630000)
 tenured generation   total 10944K, used 0K [0x09630000, 0x0a0e0000, 0x140e0000)
   the space 10944K,   0% used [0x09630000, 0x09630000, 0x09630200, 0x0a0e0000)
 compacting perm gen  total 12288K, used 2952K [0x140e0000, 0x14ce0000, 0x180e0000)
   the space 12288K,  24% used [0x140e0000, 0x143c2100, 0x143c2200, 0x14ce0000)
No shared spaces configured.

Card table byte_map: [0x180e0000,0x18190000] byte_map_base: 0x180bf900

Polling page: 0x00470000

Code Cache  [0x020e0000, 0x02198000, 0x040e0000)
 total_blobs=197 nmethods=61 adapters=79 free_code_cache=32047Kb largest_free_block=32816960

Compilation events (10 events):
Event: 0.248 Thread 0x1831b400   57             java.lang.String::indexOf (7 bytes)
Event: 0.249 Thread 0x1831b400 nmethod 57 0x02190a08 code [0x02190b00, 0x02190bac]
Event: 0.249 Thread 0x1831b400   58             java.util.regex.Matcher::reset (83 bytes)
Event: 0.249 Thread 0x1831b400 nmethod 58 0x02190c08 code [0x02190d20, 0x02190e7c]
Event: 0.251 Thread 0x1831b400   59             java.util.regex.Matcher::search (109 bytes)
Event: 0.252 Thread 0x1831b400 nmethod 59 0x02191048 code [0x02191160, 0x021912ac]
Event: 0.252 Thread 0x1831b400   60             java.lang.AbstractStringBuilder::<init> (12 bytes)
Event: 0.252 Thread 0x1831b400 nmethod 60 0x02191408 code [0x02191500, 0x02191610]
Event: 0.256 Thread 0x1831b400   61  s!         sun.misc.URLClassPath::getLoader (154 bytes)
Event: 0.257 Thread 0x1831b400 nmethod 61 0x02191948 code [0x02191ba0, 0x02192d00]

GC Heap History (0 events):
No events

Deoptimization events (0 events):
No events

Internal exceptions (10 events):
Event: 0.250 Thread 0x005cb800 Threw 0x043d6480 at C:\jdk7u2_32P\jdk7u17\hotspot\src\share\vm\prims\jvm.cpp:1166
Event: 0.250 Thread 0x005cb800 Threw 0x043dabe8 at C:\jdk7u2_32P\jdk7u17\hotspot\src\share\vm\prims\jvm.cpp:1166
Event: 0.251 Thread 0x005cb800 Threw 0x043dfdd8 at C:\jdk7u2_32P\jdk7u17\hotspot\src\share\vm\prims\jvm.cpp:1166
Event: 0.252 Thread 0x005cb800 Threw 0x043ecb08 at C:\jdk7u2_32P\jdk7u17\hotspot\src\share\vm\prims\jvm.cpp:1166
Event: 0.253 Thread 0x005cb800 Threw 0x043f1418 at C:\jdk7u2_32P\jdk7u17\hotspot\src\share\vm\prims\jvm.cpp:1166
Event: 0.253 Thread 0x005cb800 Threw 0x043f5e88 at C:\jdk7u2_32P\jdk7u17\hotspot\src\share\vm\prims\jvm.cpp:1166
Event: 0.254 Thread 0x005cb800 Threw 0x043fa148 at C:\jdk7u2_32P\jdk7u17\hotspot\src\share\vm\prims\jvm.cpp:1166
Event: 0.255 Thread 0x005cb800 Threw 0x044032c0 at C:\jdk7u2_32P\jdk7u17\hotspot\src\share\vm\prims\jvm.cpp:1166
Event: 0.256 Thread 0x005cb800 Threw 0x04408640 at C:\jdk7u2_32P\jdk7u17\hotspot\src\share\vm\prims\jvm.cpp:1166
Event: 0.257 Thread 0x005cb800 Threw 0x0440cc88 at C:\jdk7u2_32P\jdk7u17\hotspot\src\share\vm\prims\jvm.cpp:1166

Events (10 events):
Event: 114.033 Executing VM operation: GetOrSetLocal
Event: 114.033 Executing VM operation: GetOrSetLocal done
Event: 114.034 Executing VM operation: GetOrSetLocal
Event: 114.034 Executing VM operation: GetOrSetLocal done
Event: 114.035 Executing VM operation: GetOrSetLocal
Event: 114.035 Executing VM operation: GetOrSetLocal done
Event: 114.035 Executing VM operation: GetOrSetLocal
Event: 114.035 Executing VM operation: GetOrSetLocal done
Event: 130.544 Executing VM operation: RedefineClasses
Event: 130.545 Executing VM operation: RedefineClasses done


Dynamic libraries:
0x00ad0000 - 0x00aff000 	C:\Program Files (x86)\Java\jdk1.7.0_17\bin\javaw.exe
0x77680000 - 0x777d7000 	C:\Windows\SYSTEM32\ntdll.dll
0x770f0000 - 0x77220000 	C:\Windows\SYSTEM32\KERNEL32.DLL
0x77410000 - 0x774b6000 	C:\Windows\SYSTEM32\KERNELBASE.dll
0x757d0000 - 0x7587e000 	C:\Windows\SYSTEM32\ADVAPI32.dll
0x74fd0000 - 0x750e6000 	C:\Windows\SYSTEM32\USER32.dll
0x73480000 - 0x73678000 	C:\Windows\WinSxS\x86_microsoft.windows.common-controls_6595b64144ccf1df_6.0.9200.16579_none_8937eec6860750f5\COMCTL32.dll
0x74d10000 - 0x74dc1000 	C:\Windows\SYSTEM32\msvcrt.dll
0x77520000 - 0x77554000 	C:\Windows\SYSTEM32\sechost.dll
0x750f0000 - 0x7519c000 	C:\Windows\SYSTEM32\RPCRT4.dll
0x75cf0000 - 0x75ded000 	C:\Windows\SYSTEM32\GDI32.dll
0x74cb0000 - 0x74ccc000 	C:\Windows\SYSTEM32\SspiCli.dll
0x74ca0000 - 0x74ca9000 	C:\Windows\SYSTEM32\CRYPTBASE.dll
0x74c40000 - 0x74c91000 	C:\Windows\SYSTEM32\bcryptPrimitives.dll
0x75880000 - 0x758a0000 	C:\Windows\system32\IMM32.DLL
0x77330000 - 0x7740d000 	C:\Windows\SYSTEM32\MSCTF.dll
0x72400000 - 0x724be000 	C:\Program Files (x86)\Java\jdk1.7.0_17\jre\bin\msvcr100.dll
0x5cca0000 - 0x5cfec000 	C:\Program Files (x86)\Java\jdk1.7.0_17\jre\bin\client\jvm.dll
0x741d0000 - 0x741d8000 	C:\Windows\SYSTEM32\WSOCK32.dll
0x74980000 - 0x749a1000 	C:\Windows\SYSTEM32\WINMM.dll
0x757c0000 - 0x757c6000 	C:\Windows\SYSTEM32\PSAPI.DLL
0x774c0000 - 0x77510000 	C:\Windows\SYSTEM32\WS2_32.dll
0x74930000 - 0x7495b000 	C:\Windows\SYSTEM32\WINMMBASE.dll
0x77510000 - 0x77518000 	C:\Windows\SYSTEM32\NSI.dll
0x75df0000 - 0x75e36000 	C:\Windows\SYSTEM32\cfgmgr32.dll
0x758b0000 - 0x758ce000 	C:\Windows\SYSTEM32\DEVOBJ.dll
0x72e20000 - 0x72e2c000 	C:\Program Files (x86)\Java\jdk1.7.0_17\jre\bin\verify.dll
0x72520000 - 0x72540000 	C:\Program Files (x86)\Java\jdk1.7.0_17\jre\bin\java.dll
0x723d0000 - 0x723fa000 	C:\Program Files (x86)\Java\jdk1.7.0_17\jre\bin\jdwp.dll
0x72cc0000 - 0x72cc7000 	C:\Program Files (x86)\Java\jdk1.7.0_17\jre\bin\npt.dll
0x723b0000 - 0x723c3000 	C:\Program Files (x86)\Java\jdk1.7.0_17\jre\bin\zip.dll
0x72510000 - 0x72518000 	C:\Program Files (x86)\Java\jdk1.7.0_17\jre\bin\dt_socket.dll
0x72600000 - 0x72610000 	C:\Windows\system32\napinsp.dll
0x6a9f0000 - 0x6aa04000 	C:\Windows\system32\pnrpnsp.dll
0x72860000 - 0x72870000 	C:\Windows\system32\NLAapi.dll
0x74120000 - 0x7416a000 	C:\Windows\System32\mswsock.dll
0x730b0000 - 0x73125000 	C:\Windows\SYSTEM32\DNSAPI.dll
0x6a9e0000 - 0x6a9e9000 	C:\Windows\System32\winrnr.dll
0x73080000 - 0x730a1000 	C:\Program Files (x86)\Bonjour\mdnsNSP.dll
0x73d30000 - 0x73d50000 	C:\Windows\SYSTEM32\Iphlpapi.DLL
0x737b0000 - 0x737b8000 	C:\Windows\SYSTEM32\WINNSI.DLL
0x6a9d0000 - 0x6a9e0000 	C:\Windows\system32\wshbth.dll
0x73030000 - 0x7306f000 	C:\Windows\System32\fwpuclnt.dll
0x73070000 - 0x73077000 	C:\Windows\System32\rasadhlp.dll
0x72390000 - 0x723a4000 	C:\Program Files (x86)\Java\jdk1.7.0_17\jre\bin\net.dll
0x6aa10000 - 0x6ab39000 	C:\Windows\SYSTEM32\dbghelp.dll

VM Arguments:
jvm_args: -agentlib:jdwp=transport=dt_socket,suspend=y,address=localhost:54855 -Dfile.encoding=UTF-8 -Xbootclasspath:C:\Program Files (x86)\Java\jdk1.7.0_17\jre\lib\resources.jar;C:\Program Files (x86)\Java\jdk1.7.0_17\jre\lib\rt.jar;C:\Program Files (x86)\Java\jdk1.7.0_17\jre\lib\jsse.jar;C:\Program Files (x86)\Java\jdk1.7.0_17\jre\lib\jce.jar;C:\Program Files (x86)\Java\jdk1.7.0_17\jre\lib\charsets.jar;C:\Program Files (x86)\Java\jdk1.7.0_17\jre\lib\jfr.jar;C:\Program Files (x86)\Java\jdk1.7.0_17\jre\lib\jfxrt.jar 
java_command: org.eclipse.jdt.internal.junit.runner.RemoteTestRunner -version 3 -port 54854 -testLoaderClass org.eclipse.jdt.internal.junit4.runner.JUnit4TestLoader -loaderpluginname org.eclipse.jdt.junit4.runtime -test javax.money.IntegralMoneyTest:testDivide
Launcher Type: SUN_STANDARD

Environment Variables:
JAVA_HOME="C:\Program Files\Java\jdk1.7.0_17"
CLASSPATH=.;C:\Program Files (x86)\Java\jre8\lib\ext\QTJava.zip
PATH=C:\Program Files (x86)\Java\jdk1.7.0_17\jre\bin;C:/Program Files/eclipse/jre/bin/server;C:/Program Files/eclipse/jre/bin;C:/Program Files/eclipse/jre/lib/amd64;C:\Program Files (x86)\HP SimplePass\;C:\Program Files (x86)\Intel\iCLS Client\;C:\Program Files\Intel\iCLS Client\;C:\Windows\system32;C:\Windows;C:\Windows\System32\Wbem;C:\Windows\System32\WindowsPowerShell\v1.0\;C:\Program Files (x86)\Windows Live\Shared;C:\Program Files\Intel\Intel(R) Management Engine Components\DAL;C:\Program Files\Intel\Intel(R) Management Engine Components\IPT;C:\Program Files (x86)\Intel\Intel(R) Management Engine Components\DAL;C:\Program Files (x86)\Intel\Intel(R) Management Engine Components\IPT;C:\Program Files (x86)\Intel\OpenCL SDK\2.0\bin\x86;C:\Program Files (x86)\Intel\OpenCL SDK\2.0\bin\x64;"C:\Program Files (x86)\Java\jre7\bin";C:\apps\apache-maven-3.0.4\bin;C:\Program Files (x86)\GNU\GnuPG\pub;C:\Program Files\Mercurial\;C:\Program Files (x86)\QuickTime\QTSystem\;C:\Program Files\eclipse;
USERNAME=Anatole
OS=Windows_NT
PROCESSOR_IDENTIFIER=Intel64 Family 6 Model 58 Stepping 9, GenuineIntel



---------------  S Y S T E M  ---------------

OS: Windows 8 , 64 bit Build 9200 

CPU:total 8 (4 cores per cpu, 2 threads per core) family 6 model 58 stepping 9, cmov, cx8, fxsr, mmx, sse, sse2, sse3, ssse3, sse4.1, sse4.2, popcnt, avx, ht, tsc, tscinvbit, tscinv

Memory: 4k page, physical 16663832k(11877140k free), swap 33441048k(27902796k free)

vm_info: Java HotSpot(TM) Client VM (23.7-b01) for windows-x86 JRE (1.7.0_17-b02), built on Mar  1 2013 05:04:36 by "java_re" with unknown MS VC++:1600

time: Sun Sep 29 06:01:36 2013
elapsed time: 130 seconds

